<?xml version="1.0" encoding="UTF-8"?>
<!-- Generated by org.testng.reporters.JUnitXMLReporter -->
<testsuite ignored="0" hostname="HR-47" failures="0" tests="8" name="Surefire test" time="24.379" errors="0" timestamp="2023-03-07T16:10:36 IST">
  <testcase classname="POM_demo.LoginTest" name="testLogo" time="0.059"/>
  <testcase classname="POM_demo.LoginTest" name="testLogin" time="1.502"/>
  <testcase classname="Testng_demo.Test_1" name="openapp" time="0.0"/>
  <testcase classname="Testng_demo.Test_1" name="login" time="0.001"/>
  <testcase classname="Testng_demo.Test_1" name="closeapp" time="0.0"/>
  <testcase classname="Testng_demo.Test_HRM" name="openApp" time="5.767"/>
  <testcase classname="Testng_demo.Test_HRM" name="login" time="3.477"/>
  <testcase classname="Testng_demo.Test_HRM" name="closeApp" time="0.302"/>
</testsuite> <!-- Surefire test -->
