<?xml version="1.0" encoding="UTF-8"?>
<!-- Generated by org.testng.reporters.JUnitXMLReporter -->
<testsuite ignored="0" hostname="HR-47" failures="0" tests="2" name="Test_chrome" time="0.153" errors="0" timestamp="2023-03-07T10:55:27 IST">
  <testcase classname="group.cross_demo" name="testLogo" time="0.001">
    <skipped/>
  </testcase> <!-- testLogo -->
  <testcase classname="group.cross_demo" name="testHomePageTitle" time="0.0">
    <skipped/>
  </testcase> <!-- testHomePageTitle -->
</testsuite> <!-- Test_chrome -->
