<?xml version="1.0" encoding="UTF-8"?>
<testng-results ignored="0" total="8" passed="8" failed="0" skipped="0">
  <reporter-output>
  </reporter-output>
  <suite started-at="2023-03-07T16:10:12 IST" name="Surefire suite" finished-at="2023-03-07T16:10:36 IST" duration-ms="24379">
    <groups>
    </groups>
    <test started-at="2023-03-07T16:10:12 IST" name="Surefire test" finished-at="2023-03-07T16:10:36 IST" duration-ms="24379">
      <class name="POM_demo.LoginTest">
        <test-method is-config="true" signature="setup()[pri:0, instance:POM_demo.LoginTest@2f7c2f4f]" started-at="2023-03-07T16:10:12 IST" name="setup" finished-at="2023-03-07T16:10:24 IST" duration-ms="12543" status="PASS">
          <reporter-output>
          </reporter-output>
        </test-method> <!-- setup -->
        <test-method signature="testLogo()[pri:1, instance:POM_demo.LoginTest@2f7c2f4f]" started-at="2023-03-07T16:10:24 IST" name="testLogo" finished-at="2023-03-07T16:10:24 IST" duration-ms="59" status="PASS">
          <reporter-output>
          </reporter-output>
        </test-method> <!-- testLogo -->
        <test-method signature="testLogin()[pri:2, instance:POM_demo.LoginTest@2f7c2f4f]" started-at="2023-03-07T16:10:24 IST" name="testLogin" finished-at="2023-03-07T16:10:26 IST" duration-ms="1502" status="PASS">
          <reporter-output>
          </reporter-output>
        </test-method> <!-- testLogin -->
        <test-method is-config="true" signature="tearDown()[pri:0, instance:POM_demo.LoginTest@2f7c2f4f]" started-at="2023-03-07T16:10:26 IST" name="tearDown" finished-at="2023-03-07T16:10:26 IST" duration-ms="692" status="PASS">
          <reporter-output>
          </reporter-output>
        </test-method> <!-- tearDown -->
      </class> <!-- POM_demo.LoginTest -->
      <class name="Testng_demo.Test_HRM">
        <test-method signature="openApp()[pri:10, instance:Testng_demo.Test_HRM@78b66d36]" started-at="2023-03-07T16:10:26 IST" name="openApp" finished-at="2023-03-07T16:10:32 IST" duration-ms="5767" status="PASS">
          <reporter-output>
          </reporter-output>
        </test-method> <!-- openApp -->
        <test-method signature="login()[pri:50, instance:Testng_demo.Test_HRM@78b66d36]" started-at="2023-03-07T16:10:32 IST" name="login" finished-at="2023-03-07T16:10:36 IST" duration-ms="3477" status="PASS">
          <reporter-output>
          </reporter-output>
        </test-method> <!-- login -->
        <test-method signature="closeApp()[pri:100, instance:Testng_demo.Test_HRM@78b66d36]" started-at="2023-03-07T16:10:36 IST" name="closeApp" finished-at="2023-03-07T16:10:36 IST" duration-ms="302" status="PASS">
          <reporter-output>
          </reporter-output>
        </test-method> <!-- closeApp -->
      </class> <!-- Testng_demo.Test_HRM -->
      <class name="Testng_demo.Test_1">
        <test-method signature="openapp()[pri:1, instance:Testng_demo.Test_1@7ce3cb8e]" started-at="2023-03-07T16:10:26 IST" name="openapp" finished-at="2023-03-07T16:10:26 IST" duration-ms="0" status="PASS">
          <reporter-output>
          </reporter-output>
        </test-method> <!-- openapp -->
        <test-method signature="login()[pri:2, instance:Testng_demo.Test_1@7ce3cb8e]" started-at="2023-03-07T16:10:26 IST" name="login" finished-at="2023-03-07T16:10:26 IST" duration-ms="1" status="PASS">
          <reporter-output>
          </reporter-output>
        </test-method> <!-- login -->
        <test-method signature="closeapp()[pri:3, instance:Testng_demo.Test_1@7ce3cb8e]" started-at="2023-03-07T16:10:26 IST" name="closeapp" finished-at="2023-03-07T16:10:26 IST" duration-ms="0" status="PASS">
          <reporter-output>
          </reporter-output>
        </test-method> <!-- closeapp -->
      </class> <!-- Testng_demo.Test_1 -->
    </test> <!-- Surefire test -->
  </suite> <!-- Surefire suite -->
</testng-results>
