<?xml version="1.0" encoding="UTF-8"?>
<testng-results ignored="0" total="2" passed="2" failed="0" skipped="0">
  <reporter-output>
  </reporter-output>
  <suite started-at="2023-05-26T14:49:23 IST" name="Default suite" finished-at="2023-05-26T14:49:23 IST" duration-ms="72">
    <groups>
    </groups>
    <test started-at="2023-05-26T14:49:23 IST" name="Default test" finished-at="2023-05-26T14:49:23 IST" duration-ms="72">
      <class name="annotation_demo.test1">
        <test-method is-config="true" signature="login()[pri:0, instance:annotation_demo.test1@1750fbeb]" started-at="2023-05-26T14:49:23 IST" name="login" finished-at="2023-05-26T14:49:23 IST" duration-ms="6" status="PASS">
          <reporter-output>
          </reporter-output>
        </test-method> <!-- login -->
        <test-method signature="search()[pri:1, instance:annotation_demo.test1@1750fbeb]" started-at="2023-05-26T14:49:23 IST" name="search" finished-at="2023-05-26T14:49:23 IST" duration-ms="5" status="PASS">
          <reporter-output>
          </reporter-output>
        </test-method> <!-- search -->
        <test-method is-config="true" signature="logout()[pri:0, instance:annotation_demo.test1@1750fbeb]" started-at="2023-05-26T14:49:23 IST" name="logout" finished-at="2023-05-26T14:49:23 IST" duration-ms="0" status="PASS">
          <reporter-output>
          </reporter-output>
        </test-method> <!-- logout -->
        <test-method signature="advacedsearch()[pri:2, instance:annotation_demo.test1@1750fbeb]" started-at="2023-05-26T14:49:23 IST" name="advacedsearch" finished-at="2023-05-26T14:49:23 IST" duration-ms="1" status="PASS">
          <reporter-output>
          </reporter-output>
        </test-method> <!-- advacedsearch -->
        <test-method is-config="true" signature="login()[pri:0, instance:annotation_demo.test1@1750fbeb]" started-at="2023-05-26T14:49:23 IST" name="login" finished-at="2023-05-26T14:49:23 IST" duration-ms="0" status="PASS">
          <reporter-output>
          </reporter-output>
        </test-method> <!-- login -->
        <test-method is-config="true" signature="logout()[pri:0, instance:annotation_demo.test1@1750fbeb]" started-at="2023-05-26T14:49:23 IST" name="logout" finished-at="2023-05-26T14:49:23 IST" duration-ms="0" status="PASS">
          <reporter-output>
          </reporter-output>
        </test-method> <!-- logout -->
      </class> <!-- annotation_demo.test1 -->
    </test> <!-- Default test -->
  </suite> <!-- Default suite -->
</testng-results>
